make all --print-data-base --no-builtin-variables --no-builtin-rules --question
# GNU Make 4.2.1
# Built for x86_64-pc-linux-gnu
# Copyright (C) 1988-2016 Free Software Foundation, Inc.
# License GPLv3+: GNU GPL version 3 or later <http://gnu.org/licenses/gpl.html>
# This is free software: you are free to change and redistribute it.
# There is NO WARRANTY, to the extent permitted by law.

# Make data base, printed on Sun Jul 31 20:03:02 2022

# Variables

# 'override' directive
GNUMAKEFLAGS := 
# automatic
<D = $(patsubst %/,%,$(dir $<))
# automatic
?F = $(notdir $?)
# environment
DESKTOP_SESSION = ubuntu
# default
.SHELLFLAGS := -c
# makefile (from 'Makefile', line 4)
OBJ = wordList.o my-grep.o 
# environment
XDG_SESSION_CLASS = user
# environment
XDG_SESSION_TYPE = x11
# automatic
?D = $(patsubst %/,%,$(dir $?))
# environment
IM_CONFIG_PHASE = 1
# automatic
@D = $(patsubst %/,%,$(dir $@))
# environment
XAUTHORITY = /run/user/1000/gdm/Xauthority
# environment
GDMSESSION = ubuntu
# environment
XMODIFIERS = @im=ibus
# makefile
CURDIR := /home/marno/Documents/sysdev/c_practical_work
# makefile
SHELL = /bin/sh
# environment
VSCODE_NLS_CONFIG = {"locale":"en-us","availableLanguages":{},"_languagePackSupport":true}
# environment
_ = /usr/share/code/code
# makefile (from 'Makefile', line 2)
CFLAGS = -I. -Wall -Werror
# environment
JOURNAL_STREAM = 8:31565
# environment
XDG_CONFIG_DIRS = /etc/xdg/xdg-ubuntu:/etc/xdg
# makefile (from 'Makefile', line 1)
MAKEFILE_LIST :=  Makefile
# automatic
@F = $(notdir $@)
# environment
GIO_LAUNCHED_DESKTOP_FILE = /usr/share/applications/code.desktop
# environment
USERNAME = marno
# environment
MAKELEVEL := 0
# environment
XDG_DATA_DIRS = /usr/share/ubuntu:/usr/local/share/:/usr/share/:/var/lib/snapd/desktop
# environment
DBUS_SESSION_BUS_ADDRESS = unix:path=/run/user/1000/bus
# environment
MANAGERPID = 1043
# environment
LC_NAME = fi_FI.UTF-8
# environment
VSCODE_CWD = /home/marno
# default
MAKE_HOST := x86_64-pc-linux-gnu
# environment
PATH = /home/marno/bin:/usr/local/bin:/usr/local/sbin:/usr/local/bin:/usr/sbin:/usr/bin:/sbin:/bin:/usr/games:/usr/local/games:/snap/bin
# environment
GPG_AGENT_INFO = /run/user/1000/gnupg/S.gpg-agent:0:1
# environment
GJS_DEBUG_OUTPUT = stderr
# environment
SESSION_MANAGER = local/marno-VirtualBox:@/tmp/.ICE-unix/1316,unix/marno-VirtualBox:/tmp/.ICE-unix/1316
# environment
XDG_RUNTIME_DIR = /run/user/1000
# environment
XDG_MENU_PREFIX = gnome-
# environment
ELECTRON_RUN_AS_NODE = 1
# environment
INVOCATION_ID = 7f232a92d6424ec0b8174a0919799926
# default
.FEATURES := target-specific order-only second-expansion else-if shortest-stem undefine oneshell archives jobserver output-sync check-symlink load
# environment
XDG_SESSION_DESKTOP = ubuntu
# environment
SSH_AUTH_SOCK = /run/user/1000/keyring/ssh
# environment
GIO_LAUNCHED_DESKTOP_FILE_PID = 2217
# automatic
%F = $(notdir $%)
# environment
DISPLAY = :0
# environment
PWD = /home/marno/Documents/sysdev/c_practical_work
# default
.LOADED := 
# environment
SSH_AGENT_PID = 1262
# environment
ORIGINAL_XDG_CURRENT_DESKTOP = ubuntu:GNOME
# environment
GTK_MODULES = gail:atk-bridge
# environment
VSCODE_AMD_ENTRYPOINT = vs/workbench/api/node/extensionHostProcess
# environment
HOME = /home/marno
# environment
VSCODE_CODE_CACHE_PATH = /home/marno/.config/Code/CachedData/3b889b090b5ad5793f524b5d1d39fda662b96a2a
# environment
LOGNAME = marno
# environment
APPLICATION_INSIGHTS_NO_DIAGNOSTIC_CHANNEL = true
# automatic
+F = $(notdir $+)
# environment
ZSH = /home/marno/.oh-my-zsh
# makefile (from 'Makefile', line 8)
binaries = my-grep my-cat my-unzip my-zip reverse wish
# environment
VSCODE_HANDLES_UNCAUGHT_ERRORS = true
# environment
GNOME_DESKTOP_SESSION_ID = this-is-deprecated
# automatic
^D = $(patsubst %/,%,$(dir $^))
# environment
LC_TIME = fi_FI.UTF-8
# default
MAKE = $(MAKE_COMMAND)
# default
MAKECMDGOALS := all
# environment
QT_IM_MODULE = ibus
# environment
SHLVL = 0
# makefile (from 'Makefile', line 1)
CC = gcc
# environment
GNOME_SHELL_SESSION_MODE = ubuntu
# default
MAKE_VERSION := 4.2.1
# environment
USER = marno
# environment
LC_MONETARY = fi_FI.UTF-8
# makefile
.DEFAULT_GOAL := all
# environment
XDG_CURRENT_DESKTOP = Unity
# automatic
%D = $(patsubst %/,%,$(dir $%))
# environment
LC_TELEPHONE = fi_FI.UTF-8
# default
MAKE_COMMAND := make
# environment
OLDPWD = /home/marno
# default
.VARIABLES := 
# automatic
*F = $(notdir $*)
# environment
VSCODE_IPC_HOOK = /run/user/1000/vscode-46dcf72e-1.69.2-main.sock
# makefile
MAKEFLAGS = pqrR
# environment
MFLAGS = -pqrR
# automatic
*D = $(patsubst %/,%,$(dir $*))
# automatic
+D = $(patsubst %/,%,$(dir $+))
# environment
GDK_BACKEND = x11
# environment
LC_PAPER = fi_FI.UTF-8
# environment
QT_ACCESSIBILITY = 1
# default
MAKEFILES := 
# environment
LC_NUMERIC = fi_FI.UTF-8
# automatic
<F = $(notdir $<)
# environment
LC_MEASUREMENT = fi_FI.UTF-8
# environment
LC_ALL = C
# environment
GJS_DEBUG_TOPICS = JS ERROR;JS LOG
# automatic
^F = $(notdir $^)
# makefile (from 'Makefile', line 3)
DEPS = wordList.h
# default
SUFFIXES := 
# environment
CHROME_DESKTOP = code-url-handler.desktop
# environment
WINDOWPATH = 2
# default
.INCLUDE_DIRS = /usr/include /usr/local/include /usr/include
# environment
LC_IDENTIFICATION = fi_FI.UTF-8
# default
.RECIPEPREFIX := 
# environment
LC_ADDRESS = fi_FI.UTF-8
# environment
LANG = C
# environment
VSCODE_PID = 2217
# variable set hash-table stats:
# Load=105/1024=10%, Rehash=0, Collisions=21/138=15%

# Pattern-specific Variable Values

# No pattern-specific variable values.

# Directories

# . (device 2053, inode 942122): 27 files, no impossibilities.

# 27 files, no impossibilities in 1 directories.

# Implicit Rules

%.o: %.c wordList.h
#  recipe to execute (from 'Makefile', line 13):
	$(CC) -c -o $@ $< $(CFLAGS)

# 1 implicit rules, 0 (0.0%) terminal.

# Files

all: my-grep my-cat my-unzip my-zip reverse wish
#  Command line target.
#  Implicit rule search has been done.
#  File does not exist.
#  File has been updated.
#  Needs to be updated (-q is set).
# variable set hash-table stats:
# Load=0/32=0%, Rehash=0, Collisions=0/5=0%

my-unzip:
#  Implicit rule search has not been done.
#  Modification time never checked.
#  File has not been updated.
#  recipe to execute (from 'Makefile', line 22):
	$(CC) -o my-unzip my-unzip.c -Wall -Werror

.PHONY: clean
#  Implicit rule search has not been done.
#  Modification time never checked.
#  File has not been updated.

wish:
#  Implicit rule search has not been done.
#  Modification time never checked.
#  File has not been updated.
#  recipe to execute (from 'Makefile', line 31):
	$(CC) -o wish wish.c -Wall -Werror

# Not a target:
Makefile:
#  Implicit rule search has been done.
#  Last modified 2022-07-31 18:56:42.272744678
#  File has been updated.
#  Successfully updated.

# Not a target:
 
wordList.c:
#  Implicit rule search has been done.
#  Last modified 2022-07-27 00:19:45.382697006
#  File has been updated.
#  Successfully updated.

# Not a target:
my-grep.o:
#  Implicit rule search has not been done.
#  Modification time never checked.
#  File has not been updated.

my-grep: wordList.o my-grep.o
#  Implicit rule search has not been done.
#  Last modified 2022-07-31 18:58:04.2810129
#  File has been updated.
#  Needs to be updated (-q is set).
# variable set hash-table stats:
# Load=0/32=0%, Rehash=0, Collisions=0/5=0%
#  recipe to execute (from 'Makefile', line 16):
	$(CC) -o $@ $^ $(CFLAGS)

# Not a target:
wordList.h:
#  Implicit rule search has been done.
#  Last modified 2022-07-31 19:57:15.074248928
#  File has been updated.
#  Successfully updated.

reverse:
#  Implicit rule search has not been done.
#  Modification time never checked.
#  File has not been updated.
#  recipe to execute (from 'Makefile', line 28):
	$(CC) -o reverse reverse.c -Wall -Werror

# Not a target:
.DEFAULT:
#  Implicit rule search has not been done.
#  Modification time never checked.
#  File has not been updated.

my-cat:
#  Implicit rule search has not been done.
#  Modification time never checked.
#  File has not been updated.
#  recipe to execute (from 'Makefile', line 19):
	$(CC) -o my-cat my-cat.c -Wall -Werror

clean:
#  Phony target (prerequisite of .PHONY).
#  Implicit rule search has not been done.
#  File does not exist.
#  File has not been updated.
#  recipe to execute (from 'Makefile', line 34):
	rm -f $(binaries)
	rm -f $(OBJ)
	rm -f *.z

my-zip:
#  Implicit rule search has not been done.
#  Modification time never checked.
#  File has not been updated.
#  recipe to execute (from 'Makefile', line 25):
	$(CC) -o my-zip my-zip.c -Wall -Werror

wordList.o: wordList.c wordList.h
#  Implicit rule search has been done.
#  Implicit/static pattern stem: 'wordList'
#  Last modified 2022-07-31 18:56:03.130537704
#  File has been updated.
#  Needs to be updated (-q is set).
# automatic
# @ := wordList.o
# automatic
# % := 
# automatic
# * := wordList
# automatic
# + := wordList.c wordList.h
# automatic
# | := 
# automatic
# < := wordList.c
# automatic
# ^ := wordList.c wordList.h
# automatic
# ? := wordList.h
# variable set hash-table stats:
# Load=8/32=25%, Rehash=0, Collisions=1/15=7%
#  recipe to execute (from 'Makefile', line 13):
	$(CC) -c -o $@ $< $(CFLAGS)

# files hash-table stats:
# Load=16/1024=2%, Rehash=0, Collisions=0/48=0%
# VPATH Search Paths

# No 'vpath' search paths.

# No general ('VPATH' variable) search path.

# strcache buffers: 1 (0) / strings = 37 / storage = 317 B / avg = 8 B
# current buf: size = 8162 B / used = 317 B / count = 37 / avg = 8 B

# strcache performance: lookups = 71 / hit rate = 47%
# hash-table stats:
# Load=37/8192=0%, Rehash=0, Collisions=1/71=1%
# Finished Make data base on Sun Jul 31 20:03:02 2022

 
